[debug] [2024-01-18T19:39:44.761Z] ----------------------------------------------------------------------
[debug] [2024-01-18T19:39:44.770Z] Command:       /home/Praise/dev-setup/node-v18.16.0-linux-x64/bin/node /home/Praise/dev-setup/node-v18.16.0-linux-x64/bin/firebase init
[debug] [2024-01-18T19:39:44.773Z] CLI Version:   12.4.0
[debug] [2024-01-18T19:39:44.774Z] Platform:      linux
[debug] [2024-01-18T19:39:44.775Z] Node Version:  v18.16.0
[debug] [2024-01-18T19:39:44.828Z] Time:          Thu Jan 18 2024 20:39:44 GMT+0100 (West Africa Standard Time)
[debug] [2024-01-18T19:39:44.828Z] ----------------------------------------------------------------------
[debug] 
[debug] [2024-01-18T19:39:44.840Z] >>> [apiv2][query] GET https://firebase-public.firebaseio.com/cli.json [none]
[debug] [2024-01-18T19:39:45.092Z] > command requires scopes: ["email","openid","https://www.googleapis.com/auth/cloudplatformprojects.readonly","https://www.googleapis.com/auth/firebase","https://www.googleapis.com/auth/cloud-platform"]
[debug] [2024-01-18T19:39:45.093Z] > authorizing via signed-in user (ayokanmi1275@gmail.com)
[info] 
     ######## #### ########  ######## ########     ###     ######  ########
     ##        ##  ##     ## ##       ##     ##  ##   ##  ##       ##
     ######    ##  ########  ######   ########  #########  ######  ######
     ##        ##  ##    ##  ##       ##     ## ##     ##       ## ##
     ##       #### ##     ## ######## ########  ##     ##  ######  ########

You're about to initialize a Firebase project in this directory:

  /home/Praise/Desktop/VSCodeProjects/ReactProjects/tailwind-pratice

Before we get started, keep in mind:

  * You are initializing within an existing Firebase project directory

[warn] ⚠  Unable to fetch the CLI MOTD and remote config. 
[debug] [2024-01-18T19:39:55.064Z] Failed to fetch MOTD FirebaseError: Failed to make request to https://firebase-public.firebaseio.com/cli.json
[info] 
=== Project Setup
[info] 
[info] First, let's associate this project directory with a Firebase project.
[info] You can create multiple project aliases by running firebase use --add, 
[info] but for now we'll just set up a default project.
[info] 
[debug] [2024-01-18T19:40:09.697Z] Using project from CLI flag: signin-f6a1e
[debug] [2024-01-18T19:40:09.702Z] > refreshing access token with scopes: []
[debug] [2024-01-18T19:40:09.714Z] >>> [apiv2][query] POST https://www.googleapis.com/oauth2/v3/token [none]
[debug] [2024-01-18T19:40:09.715Z] >>> [apiv2][body] POST https://www.googleapis.com/oauth2/v3/token [omitted]
[debug] [2024-01-18T19:40:19.744Z] Authentication Error: Your credentials are no longer valid. Please run firebase login --reauth

For CI servers and headless environments, generate a new token with firebase login:ci
[debug] [2024-01-18T19:40:24.763Z] Error: Timed out.
    at Timeout._onTimeout (/home/Praise/dev-setup/node-v18.16.0-linux-x64/lib/node_modules/firebase-tools/lib/utils.js:253:49)
    at listOnTimeout (node:internal/timers:569:17)
    at process.processTimers (node:internal/timers:512:7)
[error] 
[error] Error: An unexpected error has occurred.
[debug] [2024-01-18T19:40:52.009Z] ----------------------------------------------------------------------
[debug] [2024-01-18T19:40:52.014Z] Command:       /home/Praise/dev-setup/node-v18.16.0-linux-x64/bin/node /home/Praise/dev-setup/node-v18.16.0-linux-x64/bin/firebase init
[debug] [2024-01-18T19:40:52.015Z] CLI Version:   12.4.0
[debug] [2024-01-18T19:40:52.016Z] Platform:      linux
[debug] [2024-01-18T19:40:52.017Z] Node Version:  v18.16.0
[debug] [2024-01-18T19:40:52.017Z] Time:          Thu Jan 18 2024 20:40:52 GMT+0100 (West Africa Standard Time)
[debug] [2024-01-18T19:40:52.018Z] ----------------------------------------------------------------------
[debug] 
[debug] [2024-01-18T19:40:52.024Z] >>> [apiv2][query] GET https://firebase-public.firebaseio.com/cli.json [none]
[debug] [2024-01-18T19:40:52.201Z] > command requires scopes: ["email","openid","https://www.googleapis.com/auth/cloudplatformprojects.readonly","https://www.googleapis.com/auth/firebase","https://www.googleapis.com/auth/cloud-platform"]
[debug] [2024-01-18T19:40:52.201Z] > authorizing via signed-in user (ayokanmi1275@gmail.com)
[info] 
     ######## #### ########  ######## ########     ###     ######  ########
     ##        ##  ##     ## ##       ##     ##  ##   ##  ##       ##
     ######    ##  ########  ######   ########  #########  ######  ######
     ##        ##  ##    ##  ##       ##     ## ##     ##       ## ##
     ##       #### ##     ## ######## ########  ##     ##  ######  ########

You're about to initialize a Firebase project in this directory:

  /home/Praise/Desktop/VSCodeProjects/ReactProjects/tailwind-pratice

Before we get started, keep in mind:

  * You are initializing within an existing Firebase project directory

[warn] ⚠  Unable to fetch the CLI MOTD and remote config. 
[debug] [2024-01-18T19:41:02.111Z] Failed to fetch MOTD FirebaseError: Failed to make request to https://firebase-public.firebaseio.com/cli.json
[info] 
=== Project Setup
[info] 
[info] First, let's associate this project directory with a Firebase project.
[info] You can create multiple project aliases by running firebase use --add, 
[info] but for now we'll just set up a default project.
[info] 
[debug] [2024-01-18T19:41:05.869Z] Using project from CLI flag: signin-f6a1e
[debug] [2024-01-18T19:41:05.872Z] > refreshing access token with scopes: []
[debug] [2024-01-18T19:41:05.876Z] >>> [apiv2][query] POST https://www.googleapis.com/oauth2/v3/token [none]
[debug] [2024-01-18T19:41:05.876Z] >>> [apiv2][body] POST https://www.googleapis.com/oauth2/v3/token [omitted]
[debug] [2024-01-18T19:41:25.908Z] Authentication Error: Your credentials are no longer valid. Please run firebase login --reauth

For CI servers and headless environments, generate a new token with firebase login:ci
[debug] [2024-01-18T19:41:30.943Z] Error: Timed out.
    at Timeout._onTimeout (/home/Praise/dev-setup/node-v18.16.0-linux-x64/lib/node_modules/firebase-tools/lib/utils.js:253:49)
    at listOnTimeout (node:internal/timers:569:17)
    at process.processTimers (node:internal/timers:512:7)
[error] 
[error] Error: An unexpected error has occurred.
[debug] [2024-01-18T19:41:52.450Z] ----------------------------------------------------------------------
[debug] [2024-01-18T19:41:52.453Z] Command:       /home/Praise/dev-setup/node-v18.16.0-linux-x64/bin/node /home/Praise/dev-setup/node-v18.16.0-linux-x64/bin/firebase init
[debug] [2024-01-18T19:41:52.454Z] CLI Version:   12.4.0
[debug] [2024-01-18T19:41:52.454Z] Platform:      linux
[debug] [2024-01-18T19:41:52.455Z] Node Version:  v18.16.0
[debug] [2024-01-18T19:41:52.455Z] Time:          Thu Jan 18 2024 20:41:52 GMT+0100 (West Africa Standard Time)
[debug] [2024-01-18T19:41:52.455Z] ----------------------------------------------------------------------
[debug] 
[debug] [2024-01-18T19:41:52.459Z] >>> [apiv2][query] GET https://firebase-public.firebaseio.com/cli.json [none]
[debug] [2024-01-18T19:41:52.618Z] > command requires scopes: ["email","openid","https://www.googleapis.com/auth/cloudplatformprojects.readonly","https://www.googleapis.com/auth/firebase","https://www.googleapis.com/auth/cloud-platform"]
[debug] [2024-01-18T19:41:52.619Z] > authorizing via signed-in user (ayokanmi1275@gmail.com)
[info] 
     ######## #### ########  ######## ########     ###     ######  ########
     ##        ##  ##     ## ##       ##     ##  ##   ##  ##       ##
     ######    ##  ########  ######   ########  #########  ######  ######
     ##        ##  ##    ##  ##       ##     ## ##     ##       ## ##
     ##       #### ##     ## ######## ########  ##     ##  ######  ########

You're about to initialize a Firebase project in this directory:

  /home/Praise/Desktop/VSCodeProjects/ReactProjects/tailwind-pratice

Before we get started, keep in mind:

  * You are initializing within an existing Firebase project directory

[warn] ⚠  Unable to fetch the CLI MOTD and remote config. 
[debug] [2024-01-18T19:42:02.539Z] Failed to fetch MOTD FirebaseError: Failed to make request to https://firebase-public.firebaseio.com/cli.json
[info] 
=== Project Setup
[info] 
[info] First, let's associate this project directory with a Firebase project.
[info] You can create multiple project aliases by running firebase use --add, 
[info] but for now we'll just set up a default project.
[info] 
[debug] [2024-01-18T19:42:11.566Z] Using project from CLI flag: signin-f6a1e
[debug] [2024-01-18T19:42:11.569Z] > refreshing access token with scopes: []
[debug] [2024-01-18T19:42:11.574Z] >>> [apiv2][query] POST https://www.googleapis.com/oauth2/v3/token [none]
[debug] [2024-01-18T19:42:11.574Z] >>> [apiv2][body] POST https://www.googleapis.com/oauth2/v3/token [omitted]
[debug] [2024-01-18T19:42:33.712Z] <<< [apiv2][status] POST https://www.googleapis.com/oauth2/v3/token 200
[debug] [2024-01-18T19:42:33.713Z] <<< [apiv2][body] POST https://www.googleapis.com/oauth2/v3/token [omitted]
[debug] [2024-01-18T19:42:33.731Z] >>> [apiv2][query] GET https://firebase.googleapis.com/v1beta1/projects/signin-f6a1e [none]
[debug] [2024-01-18T19:42:55.712Z] <<< [apiv2][status] GET https://firebase.googleapis.com/v1beta1/projects/signin-f6a1e 200
[debug] [2024-01-18T19:42:55.713Z] <<< [apiv2][body] GET https://firebase.googleapis.com/v1beta1/projects/signin-f6a1e {"projectId":"signin-f6a1e","projectNumber":"81971566837","displayName":"Learn-And-Practice","name":"projects/signin-f6a1e","resources":{"hostingSite":"signin-f6a1e"},"state":"ACTIVE","etag":"1_d0011ac3-0146-4e7f-81cd-773d187eada4"}
[info] i  Using project signin-f6a1e (Learn-And-Practice) 
[info] 
=== Hosting Setup
[info] 
[info] Your public directory is the folder (relative to your project directory) that
[info] will contain Hosting assets to be uploaded with firebase deploy. If you
[info] have a build process for your assets, use your build's output directory.
[info] 
[debug] [2024-01-18T19:43:07.686Z] >>> [apiv2][query] GET https://www.gstatic.com/firebasejs/releases.json [none]
[debug] [2024-01-18T19:43:23.458Z] <<< [apiv2][status] GET https://www.gstatic.com/firebasejs/releases.json 200
[debug] [2024-01-18T19:43:23.458Z] <<< [apiv2][body] GET https://www.gstatic.com/firebasejs/releases.json {"current":{"version":"10.7.1","browserURL":"https://www.gstatic.com/firebasejs/10.7.1/firebase.js","packageURL":"https://www.gstatic.com/firebasejs/10.7.1/firebase.tgz"},"live":{"version":"10.7","browserURL":"https://www.gstatic.com/firebasejs/live/10.7/firebase.js","packageURL":"https://www.gstatic.com/firebasejs/live/10.7/firebase.tgz"},"components":{"analytics":"https://www.gstatic.com/firebasejs/10.7.1/firebase-analytics.js","app":"https://www.gstatic.com/firebasejs/10.7.1/firebase-app.js","app-check":"https://www.gstatic.com/firebasejs/10.7.1/firebase-app-check.js","auth":"https://www.gstatic.com/firebasejs/10.7.1/firebase-auth.js","auth/cordova":"https://www.gstatic.com/firebasejs/10.7.1/firebase-auth/cordova.js","functions":"https://www.gstatic.com/firebasejs/10.7.1/firebase-functions.js","firestore":"https://www.gstatic.com/firebasejs/10.7.1/firebase-firestore.js","firestore/lite":"https://www.gstatic.com/firebasejs/10.7.1/firebase-firestore/lite.js","installations":"https://www.gstatic.com/firebasejs/10.7.1/firebase-installations.js","storage":"https://www.gstatic.com/firebasejs/10.7.1/firebase-storage.js","performance":"https://www.gstatic.com/firebasejs/10.7.1/firebase-performance.js","remote-config":"https://www.gstatic.com/firebasejs/10.7.1/firebase-remote-config.js","messaging":"https://www.gstatic.com/firebasejs/10.7.1/firebase-messaging.js","messaging/sw":"https://www.gstatic.com/firebasejs/10.7.1/firebase-messaging/sw.js","database":"https://www.gstatic.com/firebasejs/10.7.1/firebase-database.js","firestore.memory":"https://www.gstatic.com/firebasejs/10.7.1/firebase-firestore.memory.js"}}
[info] ✔  Wrote build/index.html 
[info] 
[info] i  Writing configuration info to firebase.json... 
[info] i  Writing project information to .firebaserc... 
[info] 
[info] ✔  Firebase initialization complete! 
[debug] [2024-01-18T19:43:33.496Z] Error: Timed out.
    at Timeout._onTimeout (/home/Praise/dev-setup/node-v18.16.0-linux-x64/lib/node_modules/firebase-tools/lib/utils.js:253:49)
    at listOnTimeout (node:internal/timers:569:17)
    at process.processTimers (node:internal/timers:512:7)
[error] 
[error] Error: An unexpected error has occurred.
